<!DOCTYPE html>
<html>
    <body>
        <a href="/">Back</a>
        <mutation-test-report-app title-postfix="Infection"></mutation-test-report-app>
        <script defer src="https://www.unpkg.com/mutation-testing-elements"></script>
        <script>
            const app = document.getElementsByTagName('mutation-test-report-app').item(0);
            function updateTheme() {
                document.body.style.backgroundColor = app.themeBackgroundColor;
            }
            app.addEventListener('theme-changed', updateTheme);
            updateTheme();

            document.getElementsByTagName('mutation-test-report-app').item(0).report = {"schemaVersion":"1","thresholds":{"high":90,"low":50},"files":{"BackendController\/LoginControll.php":{"language":"php","source":"<?php\n\ndeclare(strict_types=1);\n\nnamespace App\\BackendController;\n\n\nuse App\\Core\\View;\nuse App\\Model\\LoginRepository;\nuse App\\Validation\\UserDataValidation;\n\nclass LoginControll\n{\n    private View $view;\n    private UserDataValidation $validation;\n    private LoginRepository $repository;\n    private array $errors = [];\n    private const HomeLink = ['<a href=\"index.php?pageb=NewUser\">Register as new user<\/a>'];\n    private array $allUserDataSet = [];\n    private string $userName;\n\n    public function __construct(\n        View $view,\n        LoginRepository $login = new LoginRepository('Login'),\n        $validation = new UserDataValidation()\n    ) {\n        $this->view = $view;\n        $this->repository = $login;\n        $this->validation = $validation;\n        $this->userName = '';\n    }\n\n    public function loginUser(): void\n    {\n        session_regenerate_id();\n        $_SESSION['lastLogin'] = time();\n        $_SESSION['userName'] = $_POST['userName'];\n    }\n\n    private function getLoginData(): void\n    {\n        $userData = $this->repository->findUserByName($this->userName);\n        if ($userData) {\n            $this->allUserDataSet = $userData;\n        }\n    }\n\n    public function getUserDataSet(): array\n    {\n        $this->getLoginData();\n        return $this->allUserDataSet;\n    }\n\n    private function validateLoginData(): array\n    {\n        if (isset($_POST['submit'])) {\n            $this->userName = $_POST['userName'];\n            $password = $_POST['password'];\n            $isUserNameValid = $this->validation->checkIfUserNameIsValid($this->userName);\n            $this->allUserDataSet = $this->getUserDataSet();\n            $this->allUserDataSet['userName'] = '';\n            if ($isUserNameValid) {\n                $this->allUserDataSet['userName'] = $this->userName;\n                $userDataArray = $this->repository->findUserByName($this->userName);\n                $dbUserPassword = $userDataArray['password'];\n                $isPasswordVerified = $this->validation->verifyPassword($password, $dbUserPassword);\n                if ($isPasswordVerified) {\n                    $this->loginUser();\n                    redirectTo('\/..\/..\/index.php');\n                }\n            }\n            if (!$isUserNameValid || !$isPasswordVerified) {\n                return $this->validation->getErrors();\n            }\n        }\n        return [];\n    }\n\n    private function addUserParameterToView(): void\n    {\n        $this->view->addTemplateParameter('newUserLink', self::HomeLink);\n    }\n\n    public function renderView(): void\n    {\n        $this->errors = $this->validateLoginData();\n        $this->addUserParameterToView();\n        $this->view->addTemplateParameter('errors', $this->errors);\n        $this->view->setTemplate('login.tpl');\n    }\n}","mutants":[{"id":"cdacbbcc4acc0318c906a1ab9210fac7","mutatorName":"PublicVisibility","replacement":"protected function getUserDataSet() : array","description":"Replaces the `public` method visibility keyword with `protected`.","location":{"start":{"line":48,"column":5},"end":{"line":48,"column":44}},"status":"Killed","statusReason":"PHPUnit 9.5.25 #StandWithUkraine\n\nRuntime:       PHP 8.1.12\nConfiguration: \/tmp\/infection\/phpunitConfiguration.cdacbbcc4acc0318c906a1ab9210fac7.infection.xml\n\nE\n\nTime: 00:00.014, Memory: 10.00 MB\n\nThere was 1 error:\n\n1) AppTest\\Controller\\BackendController\\LoginControllerTest::testIfDataRequestForJsonWorkedFine\nError: Call to protected method App\\BackendController\\LoginControll::getUserDataSet() from scope AppTest\\Controller\\BackendController\\LoginControllerTest\n\n\/home\/jonathanhemmerling\/PhpstormProjects\/shopix_project\/tests\/BackendController\/LoginControllerTest.php:69\n\nERRORS!\nTests: 1, Assertions: 0, Errors: 1.","coveredBy":["384d138bda0931ac716afbbb213b299c"],"killedBy":["384d138bda0931ac716afbbb213b299c"],"testsCompleted":1},{"id":"b49115e84ccf605276a1ca995b61520f","mutatorName":"MethodCallRemoval","replacement":"","description":"Removes the method call.","location":{"start":{"line":50,"column":9},"end":{"line":50,"column":31}},"status":"Killed","statusReason":"PHPUnit 9.5.25 #StandWithUkraine\n\nRuntime:       PHP 8.1.12\nConfiguration: \/tmp\/infection\/phpunitConfiguration.b49115e84ccf605276a1ca995b61520f.infection.xml\n\nE\n\nTime: 00:00.012, Memory: 10.00 MB\n\nThere was 1 error:\n\n1) AppTest\\Controller\\BackendController\\LoginControllerTest::testIfDataRequestForJsonWorkedFine\nUndefined array key \"userName\"\n\n\/home\/jonathanhemmerling\/PhpstormProjects\/shopix_project\/tests\/BackendController\/LoginControllerTest.php:71\n\nERRORS!\nTests: 1, Assertions: 0, Errors: 1.","coveredBy":["384d138bda0931ac716afbbb213b299c"],"killedBy":["384d138bda0931ac716afbbb213b299c"],"testsCompleted":1},{"id":"77a1b2fb9b879087093317842ebdc644","mutatorName":"MethodCallRemoval","replacement":"","description":"Removes the method call.","location":{"start":{"line":81,"column":9},"end":{"line":81,"column":74}},"status":"Killed","statusReason":"PHPUnit 9.5.25 #StandWithUkraine\n\nRuntime:       PHP 8.1.12\nConfiguration: \/tmp\/infection\/phpunitConfiguration.77a1b2fb9b879087093317842ebdc644.infection.xml\n\n.F\n\nTime: 00:00.014, Memory: 10.00 MB\n\nThere was 1 failure:\n\n1) AppTest\\Controller\\BackendController\\LoginControllerTest::testIfTemplateIsSet\nExpectation failed for method name is \"addTemplateParameter\" when invoked 2 time(s).\nMethod was expected to be called 2 times, actually called 1 times.\n\nFAILURES!\nTests: 2, Assertions: 4, Failures: 1.","coveredBy":["ca5dfa2df35125a94a6441fd3ed8bf12","aae4d0ff4158f6526be5a3e7a90feef6"],"killedBy":["aae4d0ff4158f6526be5a3e7a90feef6"],"testsCompleted":2},{"id":"dc06755289dfedd72b68293b9809028b","mutatorName":"PublicVisibility","replacement":"protected function renderView() : void","description":"Replaces the `public` method visibility keyword with `protected`.","location":{"start":{"line":84,"column":5},"end":{"line":84,"column":39}},"status":"Killed","statusReason":"PHPUnit 9.5.25 #StandWithUkraine\n\nRuntime:       PHP 8.1.12\nConfiguration: \/tmp\/infection\/phpunitConfiguration.dc06755289dfedd72b68293b9809028b.infection.xml\n\n.E\n\nTime: 00:00.016, Memory: 10.00 MB\n\nThere was 1 error:\n\n1) AppTest\\Controller\\BackendController\\LoginControllerTest::testIfTemplateIsSet\nError: Call to protected method App\\BackendController\\LoginControll::renderView() from scope AppTest\\Controller\\BackendController\\LoginControllerTest\n\n\/home\/jonathanhemmerling\/PhpstormProjects\/shopix_project\/tests\/BackendController\/LoginControllerTest.php:88\n\nERRORS!\nTests: 2, Assertions: 3, Errors: 1.","coveredBy":["ca5dfa2df35125a94a6441fd3ed8bf12","aae4d0ff4158f6526be5a3e7a90feef6"],"killedBy":["aae4d0ff4158f6526be5a3e7a90feef6"],"testsCompleted":2},{"id":"3644a99cd188062aa31fff747da7ef4a","mutatorName":"MethodCallRemoval","replacement":"","description":"Removes the method call.","location":{"start":{"line":87,"column":9},"end":{"line":87,"column":41}},"status":"Killed","statusReason":"PHPUnit 9.5.25 #StandWithUkraine\n\nRuntime:       PHP 8.1.12\nConfiguration: \/tmp\/infection\/phpunitConfiguration.3644a99cd188062aa31fff747da7ef4a.infection.xml\n\n.F\n\nTime: 00:00.015, Memory: 10.00 MB\n\nThere was 1 failure:\n\n1) AppTest\\Controller\\BackendController\\LoginControllerTest::testIfTemplateIsSet\nExpectation failed for method name is \"addTemplateParameter\" when invoked 2 time(s).\nMethod was expected to be called 2 times, actually called 1 times.\n\nFAILURES!\nTests: 2, Assertions: 4, Failures: 1.","coveredBy":["ca5dfa2df35125a94a6441fd3ed8bf12","aae4d0ff4158f6526be5a3e7a90feef6"],"killedBy":["aae4d0ff4158f6526be5a3e7a90feef6"],"testsCompleted":2},{"id":"90feec019448edc094c519788c9c51ca","mutatorName":"MethodCallRemoval","replacement":"","description":"Removes the method call.","location":{"start":{"line":88,"column":9},"end":{"line":88,"column":68}},"status":"Killed","statusReason":"PHPUnit 9.5.25 #StandWithUkraine\n\nRuntime:       PHP 8.1.12\nConfiguration: \/tmp\/infection\/phpunitConfiguration.90feec019448edc094c519788c9c51ca.infection.xml\n\n.F\n\nTime: 00:00.014, Memory: 10.00 MB\n\nThere was 1 failure:\n\n1) AppTest\\Controller\\BackendController\\LoginControllerTest::testIfTemplateIsSet\nExpectation failed for method name is \"addTemplateParameter\" when invoked 2 time(s).\nMethod was expected to be called 2 times, actually called 1 times.\n\nFAILURES!\nTests: 2, Assertions: 4, Failures: 1.","coveredBy":["ca5dfa2df35125a94a6441fd3ed8bf12","aae4d0ff4158f6526be5a3e7a90feef6"],"killedBy":["aae4d0ff4158f6526be5a3e7a90feef6"],"testsCompleted":2},{"id":"d5a3f31399ca0935d409565cacb74156","mutatorName":"MethodCallRemoval","replacement":"","description":"Removes the method call.","location":{"start":{"line":89,"column":9},"end":{"line":89,"column":47}},"status":"Killed","statusReason":"PHPUnit 9.5.25 #StandWithUkraine\n\nRuntime:       PHP 8.1.12\nConfiguration: \/tmp\/infection\/phpunitConfiguration.d5a3f31399ca0935d409565cacb74156.infection.xml\n\n.F\n\nTime: 00:00.015, Memory: 10.00 MB\n\nThere was 1 failure:\n\n1) AppTest\\Controller\\BackendController\\LoginControllerTest::testIfTemplateIsSet\nExpectation failed for method name is \"setTemplate\" when invoked 1 time(s).\nMethod was expected to be called 1 times, actually called 0 times.\n\nFAILURES!\nTests: 2, Assertions: 4, Failures: 1.","coveredBy":["ca5dfa2df35125a94a6441fd3ed8bf12","aae4d0ff4158f6526be5a3e7a90feef6"],"killedBy":["aae4d0ff4158f6526be5a3e7a90feef6"],"testsCompleted":2}]},"BackendController\/NewUserControll.php":{"language":"php","source":"<?php\n\ndeclare(strict_types=1);\n\nnamespace App\\BackendController;\n\nuse App\\Core\\View;\nuse App\\Model\\NewUserRepository;\nuse App\\Validation\\NewUserDataValidation;\n\nclass NewUserControll\n{\n    private View $view;\n    private NewUserRepository $repository;\n    private NewUserDataValidation $validation;\n    private array $message = array();\n    private const LoginLink = ['<a href=\"index.php\">Back to Login<\/a>'];\n    private array $userArray;\n\n    public function __construct(\n        View $view,\n        NewUserRepository $newUser = new NewUserRepository('Login'),\n        NewUserDataValidation $validation = new NewUserDataValidation()\n    ) {\n        $this->view = $view;\n        $this->repository = $newUser;\n        $this->validation = $validation;\n    }\n\n    public function validateLoginData(): array\n    {\n        if (isset($_POST['submit'])) {\n            $userName = $_POST['userName'];\n            $password = password_hash($_POST['password'], PASSWORD_BCRYPT);\n            $confirmPassword = $_POST['confirmPassword'];\n            $isUserNameValid = $this->validation->checkIfUserNameIsValid($userName);\n            $isPasswordValid = $this->validation->checkIfPasswordIsValid($password, $confirmPassword);\n\n            if ($isUserNameValid && $isPasswordValid) {\n                $this->userArray = array(\n                    \"userName\" => $userName,\n                    \"password\" => $password,\n                );\n                $this->repository->addNewUserDataArrayToJson($this->userArray);\n            }\n            if (!$isUserNameValid || !$isPasswordValid) {\n                return $this->validation->getErrors();\n            }\n        }\n        return [];\n    }\n\n    private function addUserParameterToView(): void\n    {\n        $this->view->addTemplateParameter('backToLogin', self::LoginLink);\n        $this->view->addTemplateParameter('errors', $this->message);\n    }\n\n    public function renderView(): void\n    {\n        $this->message = $this->validateLoginData();\n        $this->addUserParameterToView();\n        $this->view->setTemplate('newUser.tpl');\n    }\n}","mutants":[{"id":"c6e55acf1a02d0fc4f462b84c95975b6","mutatorName":"PublicVisibility","replacement":"protected function validateLoginData() : array","description":"Replaces the `public` method visibility keyword with `protected`.","location":{"start":{"line":30,"column":5},"end":{"line":30,"column":47}},"status":"Killed","statusReason":"PHPUnit 9.5.25 #StandWithUkraine\n\nRuntime:       PHP 8.1.12\nConfiguration: \/tmp\/infection\/phpunitConfiguration.c6e55acf1a02d0fc4f462b84c95975b6.infection.xml\n\nE\n\nTime: 00:00.012, Memory: 10.00 MB\n\nThere was 1 error:\n\n1) AppTest\\Controller\\BackendController\\NewUserControllerTest::testIfDataRequestForJsonWorkedFine\nError: Call to protected method App\\BackendController\\NewUserControll::validateLoginData() from scope AppTest\\Controller\\BackendController\\NewUserControllerTest\n\n\/home\/jonathanhemmerling\/PhpstormProjects\/shopix_project\/tests\/BackendController\/NewUserControllerTest.php:63\n\nERRORS!\nTests: 1, Assertions: 0, Errors: 1.","coveredBy":["68f700d051a029e0754941ebf57dacf3","d80925ad9553c3d73f7b0f7b1cb85771","23529c77516d31eadc02f11418e7fe3e","7a2078579be45e25c21bc813e32fda9a"],"killedBy":["23529c77516d31eadc02f11418e7fe3e"],"testsCompleted":1},{"id":"d8cf2905be54f4ada79885c1b6bfb0dc","mutatorName":"MethodCallRemoval","replacement":"","description":"Removes the method call.","location":{"start":{"line":55,"column":9},"end":{"line":55,"column":75}},"status":"Killed","statusReason":"PHPUnit 9.5.25 #StandWithUkraine\n\nRuntime:       PHP 8.1.12\nConfiguration: \/tmp\/infection\/phpunitConfiguration.d8cf2905be54f4ada79885c1b6bfb0dc.infection.xml\n\n.F\n\nTime: 00:00.014, Memory: 10.00 MB\n\nThere was 1 failure:\n\n1) AppTest\\Controller\\BackendController\\NewUserControllerTest::testIfTemplateIsSet\nExpectation failed for method name is \"addTemplateParameter\" when invoked 2 time(s).\nMethod was expected to be called 2 times, actually called 1 times.\n\nFAILURES!\nTests: 2, Assertions: 3, Failures: 1.","coveredBy":["d80925ad9553c3d73f7b0f7b1cb85771","7a2078579be45e25c21bc813e32fda9a"],"killedBy":["d80925ad9553c3d73f7b0f7b1cb85771"],"testsCompleted":2},{"id":"474e9eede56bcb47432cb307539333d9","mutatorName":"MethodCallRemoval","replacement":"","description":"Removes the method call.","location":{"start":{"line":56,"column":9},"end":{"line":56,"column":69}},"status":"Killed","statusReason":"PHPUnit 9.5.25 #StandWithUkraine\n\nRuntime:       PHP 8.1.12\nConfiguration: \/tmp\/infection\/phpunitConfiguration.474e9eede56bcb47432cb307539333d9.infection.xml\n\n.F\n\nTime: 00:00.013, Memory: 10.00 MB\n\nThere was 1 failure:\n\n1) AppTest\\Controller\\BackendController\\NewUserControllerTest::testIfTemplateIsSet\nExpectation failed for method name is \"addTemplateParameter\" when invoked 2 time(s).\nMethod was expected to be called 2 times, actually called 1 times.\n\nFAILURES!\nTests: 2, Assertions: 3, Failures: 1.","coveredBy":["d80925ad9553c3d73f7b0f7b1cb85771","7a2078579be45e25c21bc813e32fda9a"],"killedBy":["d80925ad9553c3d73f7b0f7b1cb85771"],"testsCompleted":2},{"id":"6fea8d3b8c535af4eb5ffba0b1ad376f","mutatorName":"PublicVisibility","replacement":"protected function renderView() : void","description":"Replaces the `public` method visibility keyword with `protected`.","location":{"start":{"line":59,"column":5},"end":{"line":59,"column":39}},"status":"Killed","statusReason":"PHPUnit 9.5.25 #StandWithUkraine\n\nRuntime:       PHP 8.1.12\nConfiguration: \/tmp\/infection\/phpunitConfiguration.6fea8d3b8c535af4eb5ffba0b1ad376f.infection.xml\n\n.E\n\nTime: 00:00.014, Memory: 10.00 MB\n\nThere was 1 error:\n\n1) AppTest\\Controller\\BackendController\\NewUserControllerTest::testIfTemplateIsSet\nError: Call to protected method App\\BackendController\\NewUserControll::renderView() from scope AppTest\\Controller\\BackendController\\NewUserControllerTest\n\n\/home\/jonathanhemmerling\/PhpstormProjects\/shopix_project\/tests\/BackendController\/NewUserControllerTest.php:81\n\nERRORS!\nTests: 2, Assertions: 2, Errors: 1.","coveredBy":["d80925ad9553c3d73f7b0f7b1cb85771","7a2078579be45e25c21bc813e32fda9a"],"killedBy":["d80925ad9553c3d73f7b0f7b1cb85771"],"testsCompleted":2},{"id":"959533dad7aa6d6e98f5adf1bda88eb1","mutatorName":"MethodCallRemoval","replacement":"","description":"Removes the method call.","location":{"start":{"line":62,"column":9},"end":{"line":62,"column":41}},"status":"Killed","statusReason":"PHPUnit 9.5.25 #StandWithUkraine\n\nRuntime:       PHP 8.1.12\nConfiguration: \/tmp\/infection\/phpunitConfiguration.959533dad7aa6d6e98f5adf1bda88eb1.infection.xml\n\n.F\n\nTime: 00:00.014, Memory: 10.00 MB\n\nThere was 1 failure:\n\n1) AppTest\\Controller\\BackendController\\NewUserControllerTest::testIfTemplateIsSet\nExpectation failed for method name is \"addTemplateParameter\" when invoked 2 time(s).\nMethod was expected to be called 2 times, actually called 0 times.\n\nFAILURES!\nTests: 2, Assertions: 3, Failures: 1.","coveredBy":["d80925ad9553c3d73f7b0f7b1cb85771","7a2078579be45e25c21bc813e32fda9a"],"killedBy":["d80925ad9553c3d73f7b0f7b1cb85771"],"testsCompleted":2},{"id":"acddff52653f7bd10a50f6a1cf0c222b","mutatorName":"MethodCallRemoval","replacement":"","description":"Removes the method call.","location":{"start":{"line":63,"column":9},"end":{"line":63,"column":49}},"status":"Killed","statusReason":"PHPUnit 9.5.25 #StandWithUkraine\n\nRuntime:       PHP 8.1.12\nConfiguration: \/tmp\/infection\/phpunitConfiguration.acddff52653f7bd10a50f6a1cf0c222b.infection.xml\n\n.F\n\nTime: 00:00.014, Memory: 10.00 MB\n\nThere was 1 failure:\n\n1) AppTest\\Controller\\BackendController\\NewUserControllerTest::testIfTemplateIsSet\nExpectation failed for method name is \"setTemplate\" when invoked 1 time(s).\nMethod was expected to be called 1 times, actually called 0 times.\n\nFAILURES!\nTests: 2, Assertions: 3, Failures: 1.","coveredBy":["d80925ad9553c3d73f7b0f7b1cb85771","7a2078579be45e25c21bc813e32fda9a"],"killedBy":["d80925ad9553c3d73f7b0f7b1cb85771"],"testsCompleted":2}]},"FrontendController\/DetailControll.php":{"language":"php","source":"<?php\n\ndeclare(strict_types=1);\n\nnamespace App\\FrontendController;\n\nuse App\\Core\\View;\nuse App\\Model\\ProductRepository;\n\n\nclass DetailControll implements ControllerInterface\n{\n\n    private array $strForProductName;\n    private array $strForProductDescription;\n    private View $view;\n    private ProductRepository $products;\n    private const HomeLink = ['<a href=\"index.php\">Home<\/a>'];\n\n    public function __construct(View $view, ProductRepository $products = new ProductRepository('Detail'))\n    {\n        $this->view = $view;\n        $this->products = $products;\n    }\n\n    public function setStrForProductName(array $strForProductName): void\n    {\n        $this->strForProductName = $strForProductName;\n    }\n\n    public function getStrForProductName(): array\n    {\n        return $this->strForProductName;\n    }\n\n    public function getStrForProductDescription(): array\n    {\n        return $this->strForProductDescription;\n    }\n\n    private function addProductParameterToProductArray(): void\n    {\n        $pageId = (int)$_GET['categoryId'];\n        $productId = (int)$_GET['id'];\n        $singleProduct = $this->products->findProductById($pageId, $productId);\n        $this->strForProductName[] = $singleProduct->displayName . ':';\n        $this->strForProductDescription[] = $singleProduct->description;\n    }\n\n    private function addParameterToView(): void\n    {\n        $this->addProductParameterToProductArray();\n        $this->view->addTemplateParameter('productHome', self::HomeLink);\n        $this->view->addTemplateParameter('productName', $this->strForProductName);\n        $this->view->addTemplateParameter('productDescription', $this->strForProductDescription);\n    }\n\n    public function renderView(): void\n    {\n        $this->addParameterToView();\n        $this->view->setTemplate('product.tpl');\n    }\n}","mutants":[{"id":"f266885e13099825444ef49c94b5d8d1","mutatorName":"PublicVisibility","replacement":"protected function setStrForProductName(array $strForProductName) : void","description":"Replaces the `public` method visibility keyword with `protected`.","location":{"start":{"line":26,"column":5},"end":{"line":26,"column":73}},"status":"Killed","statusReason":"PHPUnit 9.5.25 #StandWithUkraine\n\nRuntime:       PHP 8.1.12\nConfiguration: \/tmp\/infection\/phpunitConfiguration.f266885e13099825444ef49c94b5d8d1.infection.xml\n\nE\n\nTime: 00:00.013, Memory: 10.00 MB\n\nThere was 1 error:\n\n1) AppTest\\FrontendController\\DetailControllerTest::testIfParameterAddedToView\nError: Call to protected method App\\FrontendController\\DetailControll::setStrForProductName() from scope AppTest\\FrontendController\\DetailControllerTest\n\n\/home\/jonathanhemmerling\/PhpstormProjects\/shopix_project\/tests\/FrontendController\/DetailControllerTest.php:107\n\nERRORS!\nTests: 1, Assertions: 0, Errors: 1.","coveredBy":["ae74058355708f9add0166be89e669de"],"killedBy":["ae74058355708f9add0166be89e669de"],"testsCompleted":1},{"id":"f2b2cb99a48eba2662f02d6e01472106","mutatorName":"PublicVisibility","replacement":"protected function getStrForProductName() : array","description":"Replaces the `public` method visibility keyword with `protected`.","location":{"start":{"line":31,"column":5},"end":{"line":31,"column":50}},"status":"Killed","statusReason":"PHPUnit 9.5.25 #StandWithUkraine\n\nRuntime:       PHP 8.1.12\nConfiguration: \/tmp\/infection\/phpunitConfiguration.f2b2cb99a48eba2662f02d6e01472106.infection.xml\n\nE\n\nTime: 00:00.013, Memory: 10.00 MB\n\nThere was 1 error:\n\n1) AppTest\\FrontendController\\DetailControllerTest::testIfDataRequestForJsonWorkedFine\nError: Call to protected method App\\FrontendController\\DetailControll::getStrForProductName() from scope AppTest\\FrontendController\\DetailControllerTest\n\n\/home\/jonathanhemmerling\/PhpstormProjects\/shopix_project\/tests\/FrontendController\/DetailControllerTest.php:74\n\nERRORS!\nTests: 1, Assertions: 0, Errors: 1.","coveredBy":["ae74058355708f9add0166be89e669de","17c2860d328aa431f400681515771231","0f934e5ab57421c31b198a253915ceca"],"killedBy":["0f934e5ab57421c31b198a253915ceca"],"testsCompleted":1},{"id":"93e978f3851e9c2cdf72441546f2a2e7","mutatorName":"PublicVisibility","replacement":"protected function getStrForProductDescription() : array","description":"Replaces the `public` method visibility keyword with `protected`.","location":{"start":{"line":36,"column":5},"end":{"line":36,"column":57}},"status":"Killed","statusReason":"PHPUnit 9.5.25 #StandWithUkraine\n\nRuntime:       PHP 8.1.12\nConfiguration: \/tmp\/infection\/phpunitConfiguration.93e978f3851e9c2cdf72441546f2a2e7.infection.xml\n\nE\n\nTime: 00:00.013, Memory: 10.00 MB\n\nThere was 1 error:\n\n1) AppTest\\FrontendController\\DetailControllerTest::testIfDataRequestForJsonWorkedFine\nError: Call to protected method App\\FrontendController\\DetailControll::getStrForProductDescription() from scope AppTest\\FrontendController\\DetailControllerTest\n\n\/home\/jonathanhemmerling\/PhpstormProjects\/shopix_project\/tests\/FrontendController\/DetailControllerTest.php:75\n\nERRORS!\nTests: 1, Assertions: 0, Errors: 1.","coveredBy":["0f934e5ab57421c31b198a253915ceca"],"killedBy":["0f934e5ab57421c31b198a253915ceca"],"testsCompleted":1},{"id":"fb553c1879a5d37508b1284c26ffd3be","mutatorName":"CastInt","replacement":"$pageId = $_GET['categoryId'];","description":"Removes an integer cast operator (`(int)`).","location":{"start":{"line":43,"column":9},"end":{"line":43,"column":44}},"status":"Killed","statusReason":"PHPUnit 9.5.25 #StandWithUkraine\n\nRuntime:       PHP 8.1.12\nConfiguration: \/tmp\/infection\/phpunitConfiguration.fb553c1879a5d37508b1284c26ffd3be.infection.xml\n\nE\n\nTime: 00:00.013, Memory: 10.00 MB\n\nThere was 1 error:\n\n1) AppTest\\FrontendController\\DetailControllerTest::testIfDataRequestForJsonWorkedFine\nTypeError: Mock_ProductRepository_316fef9b::findProductById(): Argument #1 ($categoryId) must be of type int, string given, called in \/home\/jonathanhemmerling\/PhpstormProjects\/shopix_project\/src\/FrontendController\/DetailControll.php on line 36\n\n\/home\/jonathanhemmerling\/PhpstormProjects\/shopix_project\/src\/FrontendController\/DetailControll.php:36\n\/home\/jonathanhemmerling\/PhpstormProjects\/shopix_project\/src\/FrontendController\/DetailControll.php:42\n\/home\/jonathanhemmerling\/PhpstormProjects\/shopix_project\/src\/FrontendController\/DetailControll.php:49\n\/home\/jonathanhemmerling\/PhpstormProjects\/shopix_project\/tests\/FrontendController\/DetailControllerTest.php:73\n\nERRORS!\nTests: 1, Assertions: 0, Errors: 1.","coveredBy":["ae74058355708f9add0166be89e669de","4ec3a9ee763c0200d22e409d9402993a","17c2860d328aa431f400681515771231","0f934e5ab57421c31b198a253915ceca"],"killedBy":["0f934e5ab57421c31b198a253915ceca"],"testsCompleted":1},{"id":"62b1e403e6126f8b3b846937a23b36be","mutatorName":"CastInt","replacement":"$productId = $_GET['id'];","description":"Removes an integer cast operator (`(int)`).","location":{"start":{"line":44,"column":9},"end":{"line":44,"column":39}},"status":"Killed","statusReason":"PHPUnit 9.5.25 #StandWithUkraine\n\nRuntime:       PHP 8.1.12\nConfiguration: \/tmp\/infection\/phpunitConfiguration.62b1e403e6126f8b3b846937a23b36be.infection.xml\n\nE\n\nTime: 00:00.014, Memory: 10.00 MB\n\nThere was 1 error:\n\n1) AppTest\\FrontendController\\DetailControllerTest::testIfDataRequestForJsonWorkedFine\nTypeError: Mock_ProductRepository_256fb90e::findProductById(): Argument #2 ($id) must be of type int, string given, called in \/home\/jonathanhemmerling\/PhpstormProjects\/shopix_project\/src\/FrontendController\/DetailControll.php on line 36\n\n\/home\/jonathanhemmerling\/PhpstormProjects\/shopix_project\/src\/FrontendController\/DetailControll.php:36\n\/home\/jonathanhemmerling\/PhpstormProjects\/shopix_project\/src\/FrontendController\/DetailControll.php:42\n\/home\/jonathanhemmerling\/PhpstormProjects\/shopix_project\/src\/FrontendController\/DetailControll.php:49\n\/home\/jonathanhemmerling\/PhpstormProjects\/shopix_project\/tests\/FrontendController\/DetailControllerTest.php:73\n\nERRORS!\nTests: 1, Assertions: 0, Errors: 1.","coveredBy":["ae74058355708f9add0166be89e669de","4ec3a9ee763c0200d22e409d9402993a","17c2860d328aa431f400681515771231","0f934e5ab57421c31b198a253915ceca"],"killedBy":["0f934e5ab57421c31b198a253915ceca"],"testsCompleted":1},{"id":"f2623f3b0bac829f6c7a36696ee1bbce","mutatorName":"Concat","replacement":"$this->strForProductName[] = ':' . $singleProduct->displayName;","description":"Flips the operands of the string concatenation operator `.`. For example:\n\n```php\n'foo' . 'bar';\n```\n\nWill be mutated to:\n\n```php\n'bar' . 'foo';\n```","location":{"start":{"line":46,"column":9},"end":{"line":46,"column":72}},"status":"Killed","statusReason":"PHPUnit 9.5.25 #StandWithUkraine\n\nRuntime:       PHP 8.1.12\nConfiguration: \/tmp\/infection\/phpunitConfiguration.f2623f3b0bac829f6c7a36696ee1bbce.infection.xml\n\n.F\n\nTime: 00:00.013, Memory: 10.00 MB\n\nThere was 1 failure:\n\n1) AppTest\\FrontendController\\DetailControllerTest::testIsStrForLinkComposedCorrect\nFailed asserting that two strings are identical.\n--- Expected\n+++ Actual\n@@ @@\n-'Jeans 1:'\n+':Jeans 1'\n\n\/home\/jonathanhemmerling\/PhpstormProjects\/shopix_project\/tests\/FrontendController\/DetailControllerTest.php:92\n\nFAILURES!\nTests: 2, Assertions: 10, Failures: 1.","coveredBy":["ae74058355708f9add0166be89e669de","4ec3a9ee763c0200d22e409d9402993a","17c2860d328aa431f400681515771231","0f934e5ab57421c31b198a253915ceca"],"killedBy":["17c2860d328aa431f400681515771231"],"testsCompleted":2},{"id":"6e63ddeffd06547de925c00ca8a90523","mutatorName":"ConcatOperandRemoval","replacement":"$this->strForProductName[] = ':';","description":"Removes an operand from a string concatenation.\n\n```php\n$x = 'foo' . 'bar';\n```\n\nWill be mutated to:\n\n```php\n$x = 'foo';\n```\n\nAnd:\n\n```php\n$x = 'bar';\n","location":{"start":{"line":46,"column":9},"end":{"line":46,"column":72}},"status":"Killed","statusReason":"PHPUnit 9.5.25 #StandWithUkraine\n\nRuntime:       PHP 8.1.12\nConfiguration: \/tmp\/infection\/phpunitConfiguration.6e63ddeffd06547de925c00ca8a90523.infection.xml\n\n.F\n\nTime: 00:00.015, Memory: 10.00 MB\n\nThere was 1 failure:\n\n1) AppTest\\FrontendController\\DetailControllerTest::testIsStrForLinkComposedCorrect\nFailed asserting that two strings are identical.\n--- Expected\n+++ Actual\n@@ @@\n-'Jeans 1:'\n+':'\n\n\/home\/jonathanhemmerling\/PhpstormProjects\/shopix_project\/tests\/FrontendController\/DetailControllerTest.php:92\n\nFAILURES!\nTests: 2, Assertions: 10, Failures: 1.","coveredBy":["ae74058355708f9add0166be89e669de","4ec3a9ee763c0200d22e409d9402993a","17c2860d328aa431f400681515771231","0f934e5ab57421c31b198a253915ceca"],"killedBy":["17c2860d328aa431f400681515771231"],"testsCompleted":2},{"id":"ed223154d9c507977e994055ac13c888","mutatorName":"ConcatOperandRemoval","replacement":"$this->strForProductName[] = $singleProduct->displayName;","description":"Removes an operand from a string concatenation.\n\n```php\n$x = 'foo' . 'bar';\n```\n\nWill be mutated to:\n\n```php\n$x = 'foo';\n```\n\nAnd:\n\n```php\n$x = 'bar';\n","location":{"start":{"line":46,"column":9},"end":{"line":46,"column":72}},"status":"Killed","statusReason":"PHPUnit 9.5.25 #StandWithUkraine\n\nRuntime:       PHP 8.1.12\nConfiguration: \/tmp\/infection\/phpunitConfiguration.ed223154d9c507977e994055ac13c888.infection.xml\n\n.F\n\nTime: 00:00.014, Memory: 10.00 MB\n\nThere was 1 failure:\n\n1) AppTest\\FrontendController\\DetailControllerTest::testIsStrForLinkComposedCorrect\nFailed asserting that two strings are identical.\n--- Expected\n+++ Actual\n@@ @@\n-'Jeans 1:'\n+'Jeans 1'\n\n\/home\/jonathanhemmerling\/PhpstormProjects\/shopix_project\/tests\/FrontendController\/DetailControllerTest.php:92\n\nFAILURES!\nTests: 2, Assertions: 10, Failures: 1.","coveredBy":["ae74058355708f9add0166be89e669de","4ec3a9ee763c0200d22e409d9402993a","17c2860d328aa431f400681515771231","0f934e5ab57421c31b198a253915ceca"],"killedBy":["17c2860d328aa431f400681515771231"],"testsCompleted":2},{"id":"b05e3db60d925a23eb2fe18700caccd3","mutatorName":"MethodCallRemoval","replacement":"","description":"Removes the method call.","location":{"start":{"line":52,"column":9},"end":{"line":52,"column":52}},"status":"Killed","statusReason":"PHPUnit 9.5.25 #StandWithUkraine\n\nRuntime:       PHP 8.1.12\nConfiguration: \/tmp\/infection\/phpunitConfiguration.b05e3db60d925a23eb2fe18700caccd3.infection.xml\n\nE\n\nTime: 00:00.014, Memory: 10.00 MB\n\nThere was 1 error:\n\n1) AppTest\\FrontendController\\DetailControllerTest::testIfDataRequestForJsonWorkedFine\nError: Typed property App\\FrontendController\\DetailControll::$strForProductName must not be accessed before initialization\n\n\/home\/jonathanhemmerling\/PhpstormProjects\/shopix_project\/src\/FrontendController\/DetailControll.php:44\n\/home\/jonathanhemmerling\/PhpstormProjects\/shopix_project\/src\/FrontendController\/DetailControll.php:49\n\/home\/jonathanhemmerling\/PhpstormProjects\/shopix_project\/tests\/FrontendController\/DetailControllerTest.php:73\n\nERRORS!\nTests: 1, Assertions: 0, Errors: 1.","coveredBy":["ae74058355708f9add0166be89e669de","4ec3a9ee763c0200d22e409d9402993a","17c2860d328aa431f400681515771231","0f934e5ab57421c31b198a253915ceca"],"killedBy":["0f934e5ab57421c31b198a253915ceca"],"testsCompleted":1},{"id":"5a286e7a4f3b2fdeb51ea4b9bb9c32b3","mutatorName":"MethodCallRemoval","replacement":"","description":"Removes the method call.","location":{"start":{"line":53,"column":9},"end":{"line":53,"column":74}},"status":"Killed","statusReason":"PHPUnit 9.5.25 #StandWithUkraine\n\nRuntime:       PHP 8.1.12\nConfiguration: \/tmp\/infection\/phpunitConfiguration.5a286e7a4f3b2fdeb51ea4b9bb9c32b3.infection.xml\n\n...F                                                                4 \/ 4 (100%)\n\nTime: 00:00.014, Memory: 10.00 MB\n\nThere was 1 failure:\n\n1) AppTest\\FrontendController\\DetailControllerTest::testIfParameterAddedToView\nExpectation failed for method name is \"addTemplateParameter\" when invoked 3 time(s).\nMethod was expected to be called 3 times, actually called 2 times.\n\nFAILURES!\nTests: 4, Assertions: 13, Failures: 1.","coveredBy":["ae74058355708f9add0166be89e669de","4ec3a9ee763c0200d22e409d9402993a","17c2860d328aa431f400681515771231","0f934e5ab57421c31b198a253915ceca"],"killedBy":["ae74058355708f9add0166be89e669de"],"testsCompleted":4},{"id":"e9e29f1dc6762672caa99edd385b84e7","mutatorName":"MethodCallRemoval","replacement":"","description":"Removes the method call.","location":{"start":{"line":54,"column":9},"end":{"line":54,"column":84}},"status":"Killed","statusReason":"PHPUnit 9.5.25 #StandWithUkraine\n\nRuntime:       PHP 8.1.12\nConfiguration: \/tmp\/infection\/phpunitConfiguration.e9e29f1dc6762672caa99edd385b84e7.infection.xml\n\n...F                                                                4 \/ 4 (100%)\n\nTime: 00:00.016, Memory: 10.00 MB\n\nThere was 1 failure:\n\n1) AppTest\\FrontendController\\DetailControllerTest::testIfParameterAddedToView\nExpectation failed for method name is \"addTemplateParameter\" when invoked 3 time(s).\nMethod was expected to be called 3 times, actually called 2 times.\n\nFAILURES!\nTests: 4, Assertions: 13, Failures: 1.","coveredBy":["ae74058355708f9add0166be89e669de","4ec3a9ee763c0200d22e409d9402993a","17c2860d328aa431f400681515771231","0f934e5ab57421c31b198a253915ceca"],"killedBy":["ae74058355708f9add0166be89e669de"],"testsCompleted":4},{"id":"50eb5c9f595a313da8f92ffee6851681","mutatorName":"MethodCallRemoval","replacement":"","description":"Removes the method call.","location":{"start":{"line":55,"column":9},"end":{"line":55,"column":98}},"status":"Killed","statusReason":"PHPUnit 9.5.25 #StandWithUkraine\n\nRuntime:       PHP 8.1.12\nConfiguration: \/tmp\/infection\/phpunitConfiguration.50eb5c9f595a313da8f92ffee6851681.infection.xml\n\n...F                                                                4 \/ 4 (100%)\n\nTime: 00:00.014, Memory: 10.00 MB\n\nThere was 1 failure:\n\n1) AppTest\\FrontendController\\DetailControllerTest::testIfParameterAddedToView\nExpectation failed for method name is \"addTemplateParameter\" when invoked 3 time(s).\nMethod was expected to be called 3 times, actually called 2 times.\n\nFAILURES!\nTests: 4, Assertions: 13, Failures: 1.","coveredBy":["ae74058355708f9add0166be89e669de","4ec3a9ee763c0200d22e409d9402993a","17c2860d328aa431f400681515771231","0f934e5ab57421c31b198a253915ceca"],"killedBy":["ae74058355708f9add0166be89e669de"],"testsCompleted":4},{"id":"7abd9df9d207cf444075c2bf41cb52c7","mutatorName":"MethodCallRemoval","replacement":"","description":"Removes the method call.","location":{"start":{"line":60,"column":9},"end":{"line":60,"column":37}},"status":"Killed","statusReason":"PHPUnit 9.5.25 #StandWithUkraine\n\nRuntime:       PHP 8.1.12\nConfiguration: \/tmp\/infection\/phpunitConfiguration.7abd9df9d207cf444075c2bf41cb52c7.infection.xml\n\nE\n\nTime: 00:00.013, Memory: 10.00 MB\n\nThere was 1 error:\n\n1) AppTest\\FrontendController\\DetailControllerTest::testIfDataRequestForJsonWorkedFine\nError: Typed property App\\FrontendController\\DetailControll::$strForProductName must not be accessed before initialization\n\n\/home\/jonathanhemmerling\/PhpstormProjects\/shopix_project\/src\/FrontendController\/DetailControll.php:26\n\/home\/jonathanhemmerling\/PhpstormProjects\/shopix_project\/tests\/FrontendController\/DetailControllerTest.php:74\n\nERRORS!\nTests: 1, Assertions: 0, Errors: 1.","coveredBy":["ae74058355708f9add0166be89e669de","4ec3a9ee763c0200d22e409d9402993a","17c2860d328aa431f400681515771231","0f934e5ab57421c31b198a253915ceca"],"killedBy":["0f934e5ab57421c31b198a253915ceca"],"testsCompleted":1},{"id":"3ab8d94a5f7a3cd09e14c9c83638a494","mutatorName":"MethodCallRemoval","replacement":"","description":"Removes the method call.","location":{"start":{"line":61,"column":9},"end":{"line":61,"column":49}},"status":"Killed","statusReason":"PHPUnit 9.5.25 #StandWithUkraine\n\nRuntime:       PHP 8.1.12\nConfiguration: \/tmp\/infection\/phpunitConfiguration.3ab8d94a5f7a3cd09e14c9c83638a494.infection.xml\n\n..F\n\nTime: 00:00.014, Memory: 10.00 MB\n\nThere was 1 failure:\n\n1) AppTest\\FrontendController\\DetailControllerTest::testIsTemplateNameCorrectSetUp\nExpectation failed for method name is \"setTemplate\" when invoked 1 time(s).\nMethod was expected to be called 1 times, actually called 0 times.\n\nFAILURES!\nTests: 3, Assertions: 11, Failures: 1.","coveredBy":["ae74058355708f9add0166be89e669de","4ec3a9ee763c0200d22e409d9402993a","17c2860d328aa431f400681515771231","0f934e5ab57421c31b198a253915ceca"],"killedBy":["4ec3a9ee763c0200d22e409d9402993a"],"testsCompleted":3}]},"FrontendController\/HomeControll.php":{"language":"php","source":"<?php\n\ndeclare(strict_types=1);\n\nnamespace App\\FrontendController;\n\nuse App\\Core\\View;\nuse App\\Model\\ProductRepository;\n\nclass HomeControll implements ControllerInterface\n{\n\n    private array $strForLinks;\n    private View $view;\n    private ProductRepository $mainMenu;\n\n    public function __construct(View $view, ProductRepository $mainMenu = new ProductRepository('Home'))\n    {\n        $this->mainMenu = $mainMenu;\n        $this->view = $view;\n    }\n\n    public function setStrForLinks(string $link): void\n    {\n        $this->strForLinks[] = $link;\n    }\n\n    public function getStrForLinks(): array\n    {\n        return $this->strForLinks;\n    }\n\n    public function getDataFromModel(): array\n    {\n        return $this->mainMenu->getAllDataFromJson();\n    }\n\n    private function addMenuToLinkArray(): void\n    {\n        $menuContent = $this->getDataFromModel();\n        foreach ($menuContent as $menuLink) {\n            $category = $menuLink['category'];\n            $id = $menuLink['id'];\n            $displayName = $menuLink['displayName'];\n            $this->setStrForLinks('index.php?page=List&' . $category . '&productId=' . $id . '>' . $displayName);\n        }\n    }\n\n    private function addParameterToView(): void\n    {\n        $this->addMenuToLinkArray();\n        $this->view->addTemplateParameter('menu', $this->strForLinks);\n    }\n\n    public function renderView(): void\n    {\n        $this->addParameterToView();\n        $this->view->setTemplate('home.tpl');\n    }\n}","mutants":[{"id":"8d8c641ba753eb44b09bf792a05d3177","mutatorName":"PublicVisibility","replacement":"protected function setStrForLinks(string $link) : void","description":"Replaces the `public` method visibility keyword with `protected`.","location":{"start":{"line":23,"column":5},"end":{"line":23,"column":55}},"status":"Killed","statusReason":"PHPUnit 9.5.25 #StandWithUkraine\n\nRuntime:       PHP 8.1.12\nConfiguration: \/tmp\/infection\/phpunitConfiguration.8d8c641ba753eb44b09bf792a05d3177.infection.xml\n\n...E                                                                4 \/ 4 (100%)\n\nTime: 00:00.013, Memory: 10.00 MB\n\nThere was 1 error:\n\n1) AppTest\\FrontendController\\HomeControllerTest::testIfParameterAddedToView\nError: Call to protected method App\\FrontendController\\HomeControll::setStrforLinks() from scope AppTest\\FrontendController\\HomeControllerTest\n\n\/home\/jonathanhemmerling\/PhpstormProjects\/shopix_project\/tests\/FrontendController\/HomeControllerTest.php:76\n\nERRORS!\nTests: 4, Assertions: 8, Errors: 1.","coveredBy":["db157f3449e1ee03ce2c155657b005a8","20dc1a1f9ba43eb0a8e684532f1f33dd","9e9e35c46e732a3a94eea7869202fa92"],"killedBy":["20dc1a1f9ba43eb0a8e684532f1f33dd"],"testsCompleted":4},{"id":"d17d71dd4411737809bea88ce3b5f5e3","mutatorName":"PublicVisibility","replacement":"protected function getStrForLinks() : array","description":"Replaces the `public` method visibility keyword with `protected`.","location":{"start":{"line":28,"column":5},"end":{"line":28,"column":44}},"status":"Killed","statusReason":"PHPUnit 9.5.25 #StandWithUkraine\n\nRuntime:       PHP 8.1.12\nConfiguration: \/tmp\/infection\/phpunitConfiguration.d17d71dd4411737809bea88ce3b5f5e3.infection.xml\n\n.E\n\nTime: 00:00.013, Memory: 10.00 MB\n\nThere was 1 error:\n\n1) AppTest\\FrontendController\\HomeControllerTest::testIsStrForLinkComposedCorrect\nError: Call to protected method App\\FrontendController\\HomeControll::getStrForLinks() from scope AppTest\\FrontendController\\HomeControllerTest\n\n\/home\/jonathanhemmerling\/PhpstormProjects\/shopix_project\/tests\/FrontendController\/HomeControllerTest.php:56\n\nERRORS!\nTests: 2, Assertions: 3, Errors: 1.","coveredBy":["20dc1a1f9ba43eb0a8e684532f1f33dd","9e9e35c46e732a3a94eea7869202fa92"],"killedBy":["9e9e35c46e732a3a94eea7869202fa92"],"testsCompleted":2},{"id":"491ac413c4a2ea5c03cdf5448f9d10ba","mutatorName":"PublicVisibility","replacement":"protected function getDataFromModel() : array","description":"Replaces the `public` method visibility keyword with `protected`.","location":{"start":{"line":33,"column":5},"end":{"line":33,"column":46}},"status":"Killed","statusReason":"PHPUnit 9.5.25 #StandWithUkraine\n\nRuntime:       PHP 8.1.12\nConfiguration: \/tmp\/infection\/phpunitConfiguration.491ac413c4a2ea5c03cdf5448f9d10ba.infection.xml\n\nE\n\nTime: 00:00.012, Memory: 10.00 MB\n\nThere was 1 error:\n\n1) AppTest\\FrontendController\\HomeControllerTest::testIfDataRequestForJsonWorkedFine\nError: Call to protected method App\\FrontendController\\HomeControll::getDataFromModel() from scope AppTest\\FrontendController\\HomeControllerTest\n\n\/home\/jonathanhemmerling\/PhpstormProjects\/shopix_project\/tests\/FrontendController\/HomeControllerTest.php:47\n\nERRORS!\nTests: 1, Assertions: 0, Errors: 1.","coveredBy":["db157f3449e1ee03ce2c155657b005a8","20dc1a1f9ba43eb0a8e684532f1f33dd","b4b3ec551af03ecbd822be7d5d142b61","9e9e35c46e732a3a94eea7869202fa92"],"killedBy":["b4b3ec551af03ecbd822be7d5d142b61"],"testsCompleted":1},{"id":"f72924b1df218e925d390f7ad481a3ef","mutatorName":"Foreach_","replacement":"foreach (array() as $menuLink) {","description":"Replaces the iterable being iterated over with a `foreach` statement with an empty array, preventing\nany statement within the block to be executed. For example:\n\n```php`\nforeach ($a as $b) {\n    \/\/ ...\n}\n```\n\nWill be mutated to:\n\n```php\nfor ([] as $b]) {\n    \/\/ ...\n}\n```","location":{"start":{"line":41,"column":9},"end":{"line":46,"column":46}},"status":"Killed","statusReason":"PHPUnit 9.5.25 #StandWithUkraine\n\nRuntime:       PHP 8.1.12\nConfiguration: \/tmp\/infection\/phpunitConfiguration.f72924b1df218e925d390f7ad481a3ef.infection.xml\n\n.E\n\nTime: 00:00.014, Memory: 10.00 MB\n\nThere was 1 error:\n\n1) AppTest\\FrontendController\\HomeControllerTest::testIsStrForLinkComposedCorrect\nError: Typed property App\\FrontendController\\HomeControll::$strForLinks must not be accessed before initialization\n\n\/home\/jonathanhemmerling\/PhpstormProjects\/shopix_project\/src\/FrontendController\/HomeControll.php:43\n\/home\/jonathanhemmerling\/PhpstormProjects\/shopix_project\/src\/FrontendController\/HomeControll.php:47\n\/home\/jonathanhemmerling\/PhpstormProjects\/shopix_project\/tests\/FrontendController\/HomeControllerTest.php:55\n\nERRORS!\nTests: 2, Assertions: 3, Errors: 1.","coveredBy":["db157f3449e1ee03ce2c155657b005a8","20dc1a1f9ba43eb0a8e684532f1f33dd","9e9e35c46e732a3a94eea7869202fa92"],"killedBy":["9e9e35c46e732a3a94eea7869202fa92"],"testsCompleted":2},{"id":"3ce8263b97e0fae5e5ed4c8e5a3361b3","mutatorName":"Concat","replacement":"$this->setStrForLinks($category . 'index.php?page=List&' . '&productId=' . $id . '>' . $displayName);","description":"Flips the operands of the string concatenation operator `.`. For example:\n\n```php\n'foo' . 'bar';\n```\n\nWill be mutated to:\n\n```php\n'bar' . 'foo';\n```","location":{"start":{"line":45,"column":13},"end":{"line":45,"column":114}},"status":"Killed","statusReason":"PHPUnit 9.5.25 #StandWithUkraine\n\nRuntime:       PHP 8.1.12\nConfiguration: \/tmp\/infection\/phpunitConfiguration.3ce8263b97e0fae5e5ed4c8e5a3361b3.infection.xml\n\n.F\n\nTime: 00:00.014, Memory: 10.00 MB\n\nThere was 1 failure:\n\n1) AppTest\\FrontendController\\HomeControllerTest::testIsStrForLinkComposedCorrect\nFailed asserting that two strings are identical.\n--- Expected\n+++ Actual\n@@ @@\n-'index.php?page=List&sweatshirts&productId=2>Sweatshirts'\n+'sweatshirtsindex.php?page=List&&productId=2>Sweatshirts'\n\n\/home\/jonathanhemmerling\/PhpstormProjects\/shopix_project\/tests\/FrontendController\/HomeControllerTest.php:61\n\nFAILURES!\nTests: 2, Assertions: 7, Failures: 1.","coveredBy":["db157f3449e1ee03ce2c155657b005a8","20dc1a1f9ba43eb0a8e684532f1f33dd","9e9e35c46e732a3a94eea7869202fa92"],"killedBy":["9e9e35c46e732a3a94eea7869202fa92"],"testsCompleted":2},{"id":"91bac57c32143dc61fc9750c4da2cc29","mutatorName":"ConcatOperandRemoval","replacement":"$this->setStrForLinks($category . '&productId=' . $id . '>' . $displayName);","description":"Removes an operand from a string concatenation.\n\n```php\n$x = 'foo' . 'bar';\n```\n\nWill be mutated to:\n\n```php\n$x = 'foo';\n```\n\nAnd:\n\n```php\n$x = 'bar';\n","location":{"start":{"line":45,"column":13},"end":{"line":45,"column":114}},"status":"Killed","statusReason":"PHPUnit 9.5.25 #StandWithUkraine\n\nRuntime:       PHP 8.1.12\nConfiguration: \/tmp\/infection\/phpunitConfiguration.91bac57c32143dc61fc9750c4da2cc29.infection.xml\n\n.F\n\nTime: 00:00.013, Memory: 10.00 MB\n\nThere was 1 failure:\n\n1) AppTest\\FrontendController\\HomeControllerTest::testIsStrForLinkComposedCorrect\nFailed asserting that two strings are identical.\n--- Expected\n+++ Actual\n@@ @@\n-'index.php?page=List&sweatshirts&productId=2>Sweatshirts'\n+'sweatshirts&productId=2>Sweatshirts'\n\n\/home\/jonathanhemmerling\/PhpstormProjects\/shopix_project\/tests\/FrontendController\/HomeControllerTest.php:61\n\nFAILURES!\nTests: 2, Assertions: 7, Failures: 1.","coveredBy":["db157f3449e1ee03ce2c155657b005a8","20dc1a1f9ba43eb0a8e684532f1f33dd","9e9e35c46e732a3a94eea7869202fa92"],"killedBy":["9e9e35c46e732a3a94eea7869202fa92"],"testsCompleted":2},{"id":"b38ecd547a75d721a8d98fba47e2f168","mutatorName":"ConcatOperandRemoval","replacement":"$this->setStrForLinks('index.php?page=List&' . '&productId=' . $id . '>' . $displayName);","description":"Removes an operand from a string concatenation.\n\n```php\n$x = 'foo' . 'bar';\n```\n\nWill be mutated to:\n\n```php\n$x = 'foo';\n```\n\nAnd:\n\n```php\n$x = 'bar';\n","location":{"start":{"line":45,"column":13},"end":{"line":45,"column":114}},"status":"Killed","statusReason":"PHPUnit 9.5.25 #StandWithUkraine\n\nRuntime:       PHP 8.1.12\nConfiguration: \/tmp\/infection\/phpunitConfiguration.b38ecd547a75d721a8d98fba47e2f168.infection.xml\n\n.F\n\nTime: 00:00.014, Memory: 10.00 MB\n\nThere was 1 failure:\n\n1) AppTest\\FrontendController\\HomeControllerTest::testIsStrForLinkComposedCorrect\nFailed asserting that two strings are identical.\n--- Expected\n+++ Actual\n@@ @@\n-'index.php?page=List&sweatshirts&productId=2>Sweatshirts'\n+'index.php?page=List&&productId=2>Sweatshirts'\n\n\/home\/jonathanhemmerling\/PhpstormProjects\/shopix_project\/tests\/FrontendController\/HomeControllerTest.php:61\n\nFAILURES!\nTests: 2, Assertions: 7, Failures: 1.","coveredBy":["db157f3449e1ee03ce2c155657b005a8","20dc1a1f9ba43eb0a8e684532f1f33dd","9e9e35c46e732a3a94eea7869202fa92"],"killedBy":["9e9e35c46e732a3a94eea7869202fa92"],"testsCompleted":2},{"id":"62503e69f93082c340f54f50caf1ae68","mutatorName":"Concat","replacement":"$this->setStrForLinks('index.php?page=List&' . '&productId=' . $category . $id . '>' . $displayName);","description":"Flips the operands of the string concatenation operator `.`. For example:\n\n```php\n'foo' . 'bar';\n```\n\nWill be mutated to:\n\n```php\n'bar' . 'foo';\n```","location":{"start":{"line":45,"column":13},"end":{"line":45,"column":114}},"status":"Killed","statusReason":"PHPUnit 9.5.25 #StandWithUkraine\n\nRuntime:       PHP 8.1.12\nConfiguration: \/tmp\/infection\/phpunitConfiguration.62503e69f93082c340f54f50caf1ae68.infection.xml\n\n.F\n\nTime: 00:00.013, Memory: 10.00 MB\n\nThere was 1 failure:\n\n1) AppTest\\FrontendController\\HomeControllerTest::testIsStrForLinkComposedCorrect\nFailed asserting that two strings are identical.\n--- Expected\n+++ Actual\n@@ @@\n-'index.php?page=List&sweatshirts&productId=2>Sweatshirts'\n+'index.php?page=List&&productId=sweatshirts2>Sweatshirts'\n\n\/home\/jonathanhemmerling\/PhpstormProjects\/shopix_project\/tests\/FrontendController\/HomeControllerTest.php:61\n\nFAILURES!\nTests: 2, Assertions: 7, Failures: 1.","coveredBy":["db157f3449e1ee03ce2c155657b005a8","20dc1a1f9ba43eb0a8e684532f1f33dd","9e9e35c46e732a3a94eea7869202fa92"],"killedBy":["9e9e35c46e732a3a94eea7869202fa92"],"testsCompleted":2},{"id":"7c448d8e3bf3a89488befe3ff419613c","mutatorName":"ConcatOperandRemoval","replacement":"$this->setStrForLinks('index.php?page=List&' . $category . $id . '>' . $displayName);","description":"Removes an operand from a string concatenation.\n\n```php\n$x = 'foo' . 'bar';\n```\n\nWill be mutated to:\n\n```php\n$x = 'foo';\n```\n\nAnd:\n\n```php\n$x = 'bar';\n","location":{"start":{"line":45,"column":13},"end":{"line":45,"column":114}},"status":"Killed","statusReason":"PHPUnit 9.5.25 #StandWithUkraine\n\nRuntime:       PHP 8.1.12\nConfiguration: \/tmp\/infection\/phpunitConfiguration.7c448d8e3bf3a89488befe3ff419613c.infection.xml\n\n.F\n\nTime: 00:00.015, Memory: 10.00 MB\n\nThere was 1 failure:\n\n1) AppTest\\FrontendController\\HomeControllerTest::testIsStrForLinkComposedCorrect\nFailed asserting that two strings are identical.\n--- Expected\n+++ Actual\n@@ @@\n-'index.php?page=List&sweatshirts&productId=2>Sweatshirts'\n+'index.php?page=List&sweatshirts2>Sweatshirts'\n\n\/home\/jonathanhemmerling\/PhpstormProjects\/shopix_project\/tests\/FrontendController\/HomeControllerTest.php:61\n\nFAILURES!\nTests: 2, Assertions: 7, Failures: 1.","coveredBy":["db157f3449e1ee03ce2c155657b005a8","20dc1a1f9ba43eb0a8e684532f1f33dd","9e9e35c46e732a3a94eea7869202fa92"],"killedBy":["9e9e35c46e732a3a94eea7869202fa92"],"testsCompleted":2},{"id":"fc7983615dddba220653bf9b7f76322b","mutatorName":"Concat","replacement":"$this->setStrForLinks('index.php?page=List&' . $category . $id . '&productId=' . '>' . $displayName);","description":"Flips the operands of the string concatenation operator `.`. For example:\n\n```php\n'foo' . 'bar';\n```\n\nWill be mutated to:\n\n```php\n'bar' . 'foo';\n```","location":{"start":{"line":45,"column":13},"end":{"line":45,"column":114}},"status":"Killed","statusReason":"PHPUnit 9.5.25 #StandWithUkraine\n\nRuntime:       PHP 8.1.12\nConfiguration: \/tmp\/infection\/phpunitConfiguration.fc7983615dddba220653bf9b7f76322b.infection.xml\n\n.F\n\nTime: 00:00.013, Memory: 10.00 MB\n\nThere was 1 failure:\n\n1) AppTest\\FrontendController\\HomeControllerTest::testIsStrForLinkComposedCorrect\nFailed asserting that two strings are identical.\n--- Expected\n+++ Actual\n@@ @@\n-'index.php?page=List&sweatshirts&productId=2>Sweatshirts'\n+'index.php?page=List&sweatshirts2&productId=>Sweatshirts'\n\n\/home\/jonathanhemmerling\/PhpstormProjects\/shopix_project\/tests\/FrontendController\/HomeControllerTest.php:61\n\nFAILURES!\nTests: 2, Assertions: 7, Failures: 1.","coveredBy":["db157f3449e1ee03ce2c155657b005a8","20dc1a1f9ba43eb0a8e684532f1f33dd","9e9e35c46e732a3a94eea7869202fa92"],"killedBy":["9e9e35c46e732a3a94eea7869202fa92"],"testsCompleted":2},{"id":"02abe06a6d741fec99f1e93f3b9c4a47","mutatorName":"ConcatOperandRemoval","replacement":"$this->setStrForLinks('index.php?page=List&' . $category . '&productId=' . '>' . $displayName);","description":"Removes an operand from a string concatenation.\n\n```php\n$x = 'foo' . 'bar';\n```\n\nWill be mutated to:\n\n```php\n$x = 'foo';\n```\n\nAnd:\n\n```php\n$x = 'bar';\n","location":{"start":{"line":45,"column":13},"end":{"line":45,"column":114}},"status":"Killed","statusReason":"PHPUnit 9.5.25 #StandWithUkraine\n\nRuntime:       PHP 8.1.12\nConfiguration: \/tmp\/infection\/phpunitConfiguration.02abe06a6d741fec99f1e93f3b9c4a47.infection.xml\n\n.F\n\nTime: 00:00.014, Memory: 10.00 MB\n\nThere was 1 failure:\n\n1) AppTest\\FrontendController\\HomeControllerTest::testIsStrForLinkComposedCorrect\nFailed asserting that two strings are identical.\n--- Expected\n+++ Actual\n@@ @@\n-'index.php?page=List&sweatshirts&productId=2>Sweatshirts'\n+'index.php?page=List&sweatshirts&productId=>Sweatshirts'\n\n\/home\/jonathanhemmerling\/PhpstormProjects\/shopix_project\/tests\/FrontendController\/HomeControllerTest.php:61\n\nFAILURES!\nTests: 2, Assertions: 7, Failures: 1.","coveredBy":["db157f3449e1ee03ce2c155657b005a8","20dc1a1f9ba43eb0a8e684532f1f33dd","9e9e35c46e732a3a94eea7869202fa92"],"killedBy":["9e9e35c46e732a3a94eea7869202fa92"],"testsCompleted":2},{"id":"5305be38a6d15440b1a32f62d5cca91e","mutatorName":"Concat","replacement":"$this->setStrForLinks('index.php?page=List&' . $category . '&productId=' . '>' . $id . $displayName);","description":"Flips the operands of the string concatenation operator `.`. For example:\n\n```php\n'foo' . 'bar';\n```\n\nWill be mutated to:\n\n```php\n'bar' . 'foo';\n```","location":{"start":{"line":45,"column":13},"end":{"line":45,"column":114}},"status":"Killed","statusReason":"PHPUnit 9.5.25 #StandWithUkraine\n\nRuntime:       PHP 8.1.12\nConfiguration: \/tmp\/infection\/phpunitConfiguration.5305be38a6d15440b1a32f62d5cca91e.infection.xml\n\n.F\n\nTime: 00:00.016, Memory: 10.00 MB\n\nThere was 1 failure:\n\n1) AppTest\\FrontendController\\HomeControllerTest::testIsStrForLinkComposedCorrect\nFailed asserting that two strings are identical.\n--- Expected\n+++ Actual\n@@ @@\n-'index.php?page=List&sweatshirts&productId=2>Sweatshirts'\n+'index.php?page=List&sweatshirts&productId=>2Sweatshirts'\n\n\/home\/jonathanhemmerling\/PhpstormProjects\/shopix_project\/tests\/FrontendController\/HomeControllerTest.php:61\n\nFAILURES!\nTests: 2, Assertions: 7, Failures: 1.","coveredBy":["db157f3449e1ee03ce2c155657b005a8","20dc1a1f9ba43eb0a8e684532f1f33dd","9e9e35c46e732a3a94eea7869202fa92"],"killedBy":["9e9e35c46e732a3a94eea7869202fa92"],"testsCompleted":2},{"id":"c9c77adfd8300b67b5d83b8f1d348436","mutatorName":"ConcatOperandRemoval","replacement":"$this->setStrForLinks('index.php?page=List&' . $category . '&productId=' . $id . $displayName);","description":"Removes an operand from a string concatenation.\n\n```php\n$x = 'foo' . 'bar';\n```\n\nWill be mutated to:\n\n```php\n$x = 'foo';\n```\n\nAnd:\n\n```php\n$x = 'bar';\n","location":{"start":{"line":45,"column":13},"end":{"line":45,"column":114}},"status":"Killed","statusReason":"PHPUnit 9.5.25 #StandWithUkraine\n\nRuntime:       PHP 8.1.12\nConfiguration: \/tmp\/infection\/phpunitConfiguration.c9c77adfd8300b67b5d83b8f1d348436.infection.xml\n\n.F\n\nTime: 00:00.014, Memory: 10.00 MB\n\nThere was 1 failure:\n\n1) AppTest\\FrontendController\\HomeControllerTest::testIsStrForLinkComposedCorrect\nFailed asserting that two strings are identical.\n--- Expected\n+++ Actual\n@@ @@\n-'index.php?page=List&sweatshirts&productId=2>Sweatshirts'\n+'index.php?page=List&sweatshirts&productId=2Sweatshirts'\n\n\/home\/jonathanhemmerling\/PhpstormProjects\/shopix_project\/tests\/FrontendController\/HomeControllerTest.php:61\n\nFAILURES!\nTests: 2, Assertions: 7, Failures: 1.","coveredBy":["db157f3449e1ee03ce2c155657b005a8","20dc1a1f9ba43eb0a8e684532f1f33dd","9e9e35c46e732a3a94eea7869202fa92"],"killedBy":["9e9e35c46e732a3a94eea7869202fa92"],"testsCompleted":2},{"id":"c79f7b7213f6e004911cefd76841ebf0","mutatorName":"Concat","replacement":"$this->setStrForLinks('index.php?page=List&' . $category . '&productId=' . $id . $displayName . '>');","description":"Flips the operands of the string concatenation operator `.`. For example:\n\n```php\n'foo' . 'bar';\n```\n\nWill be mutated to:\n\n```php\n'bar' . 'foo';\n```","location":{"start":{"line":45,"column":13},"end":{"line":45,"column":114}},"status":"Killed","statusReason":"PHPUnit 9.5.25 #StandWithUkraine\n\nRuntime:       PHP 8.1.12\nConfiguration: \/tmp\/infection\/phpunitConfiguration.c79f7b7213f6e004911cefd76841ebf0.infection.xml\n\n.F\n\nTime: 00:00.014, Memory: 10.00 MB\n\nThere was 1 failure:\n\n1) AppTest\\FrontendController\\HomeControllerTest::testIsStrForLinkComposedCorrect\nFailed asserting that two strings are identical.\n--- Expected\n+++ Actual\n@@ @@\n-'index.php?page=List&sweatshirts&productId=2>Sweatshirts'\n+'index.php?page=List&sweatshirts&productId=2Sweatshirts>'\n\n\/home\/jonathanhemmerling\/PhpstormProjects\/shopix_project\/tests\/FrontendController\/HomeControllerTest.php:61\n\nFAILURES!\nTests: 2, Assertions: 7, Failures: 1.","coveredBy":["db157f3449e1ee03ce2c155657b005a8","20dc1a1f9ba43eb0a8e684532f1f33dd","9e9e35c46e732a3a94eea7869202fa92"],"killedBy":["9e9e35c46e732a3a94eea7869202fa92"],"testsCompleted":2},{"id":"5da5a544c2179d8c31e28aee923292e8","mutatorName":"ConcatOperandRemoval","replacement":"$this->setStrForLinks('index.php?page=List&' . $category . '&productId=' . $id . '>');","description":"Removes an operand from a string concatenation.\n\n```php\n$x = 'foo' . 'bar';\n```\n\nWill be mutated to:\n\n```php\n$x = 'foo';\n```\n\nAnd:\n\n```php\n$x = 'bar';\n","location":{"start":{"line":45,"column":13},"end":{"line":45,"column":114}},"status":"Killed","statusReason":"PHPUnit 9.5.25 #StandWithUkraine\n\nRuntime:       PHP 8.1.12\nConfiguration: \/tmp\/infection\/phpunitConfiguration.5da5a544c2179d8c31e28aee923292e8.infection.xml\n\n.F\n\nTime: 00:00.013, Memory: 10.00 MB\n\nThere was 1 failure:\n\n1) AppTest\\FrontendController\\HomeControllerTest::testIsStrForLinkComposedCorrect\nFailed asserting that two strings are identical.\n--- Expected\n+++ Actual\n@@ @@\n-'index.php?page=List&sweatshirts&productId=2>Sweatshirts'\n+'index.php?page=List&sweatshirts&productId=2>'\n\n\/home\/jonathanhemmerling\/PhpstormProjects\/shopix_project\/tests\/FrontendController\/HomeControllerTest.php:61\n\nFAILURES!\nTests: 2, Assertions: 7, Failures: 1.","coveredBy":["db157f3449e1ee03ce2c155657b005a8","20dc1a1f9ba43eb0a8e684532f1f33dd","9e9e35c46e732a3a94eea7869202fa92"],"killedBy":["9e9e35c46e732a3a94eea7869202fa92"],"testsCompleted":2},{"id":"440793068c488f57e2363375189b3792","mutatorName":"MethodCallRemoval","replacement":"","description":"Removes the method call.","location":{"start":{"line":45,"column":13},"end":{"line":45,"column":114}},"status":"Killed","statusReason":"PHPUnit 9.5.25 #StandWithUkraine\n\nRuntime:       PHP 8.1.12\nConfiguration: \/tmp\/infection\/phpunitConfiguration.440793068c488f57e2363375189b3792.infection.xml\n\n.E\n\nTime: 00:00.014, Memory: 10.00 MB\n\nThere was 1 error:\n\n1) AppTest\\FrontendController\\HomeControllerTest::testIsStrForLinkComposedCorrect\nError: Typed property App\\FrontendController\\HomeControll::$strForLinks must not be accessed before initialization\n\n\/home\/jonathanhemmerling\/PhpstormProjects\/shopix_project\/src\/FrontendController\/HomeControll.php:43\n\/home\/jonathanhemmerling\/PhpstormProjects\/shopix_project\/src\/FrontendController\/HomeControll.php:47\n\/home\/jonathanhemmerling\/PhpstormProjects\/shopix_project\/tests\/FrontendController\/HomeControllerTest.php:55\n\nERRORS!\nTests: 2, Assertions: 3, Errors: 1.","coveredBy":["db157f3449e1ee03ce2c155657b005a8","20dc1a1f9ba43eb0a8e684532f1f33dd","9e9e35c46e732a3a94eea7869202fa92"],"killedBy":["9e9e35c46e732a3a94eea7869202fa92"],"testsCompleted":2},{"id":"f7aed1e480df25c6998e12f65210423e","mutatorName":"MethodCallRemoval","replacement":"","description":"Removes the method call.","location":{"start":{"line":51,"column":9},"end":{"line":51,"column":37}},"status":"Killed","statusReason":"PHPUnit 9.5.25 #StandWithUkraine\n\nRuntime:       PHP 8.1.12\nConfiguration: \/tmp\/infection\/phpunitConfiguration.f7aed1e480df25c6998e12f65210423e.infection.xml\n\n.E\n\nTime: 00:00.013, Memory: 10.00 MB\n\nThere was 1 error:\n\n1) AppTest\\FrontendController\\HomeControllerTest::testIsStrForLinkComposedCorrect\nError: Typed property App\\FrontendController\\HomeControll::$strForLinks must not be accessed before initialization\n\n\/home\/jonathanhemmerling\/PhpstormProjects\/shopix_project\/src\/FrontendController\/HomeControll.php:43\n\/home\/jonathanhemmerling\/PhpstormProjects\/shopix_project\/src\/FrontendController\/HomeControll.php:47\n\/home\/jonathanhemmerling\/PhpstormProjects\/shopix_project\/tests\/FrontendController\/HomeControllerTest.php:55\n\nERRORS!\nTests: 2, Assertions: 3, Errors: 1.","coveredBy":["db157f3449e1ee03ce2c155657b005a8","20dc1a1f9ba43eb0a8e684532f1f33dd","9e9e35c46e732a3a94eea7869202fa92"],"killedBy":["9e9e35c46e732a3a94eea7869202fa92"],"testsCompleted":2},{"id":"78afd489d3a77c332686fe3138d38a55","mutatorName":"MethodCallRemoval","replacement":"","description":"Removes the method call.","location":{"start":{"line":52,"column":9},"end":{"line":52,"column":71}},"status":"Killed","statusReason":"PHPUnit 9.5.25 #StandWithUkraine\n\nRuntime:       PHP 8.1.12\nConfiguration: \/tmp\/infection\/phpunitConfiguration.78afd489d3a77c332686fe3138d38a55.infection.xml\n\n...F                                                                4 \/ 4 (100%)\n\nTime: 00:00.014, Memory: 10.00 MB\n\nThere was 1 failure:\n\n1) AppTest\\FrontendController\\HomeControllerTest::testIfParameterAddedToView\nExpectation failed for method name is \"addTemplateParameter\" when invoked 1 time(s).\nMethod was expected to be called 1 times, actually called 0 times.\n\nFAILURES!\nTests: 4, Assertions: 10, Failures: 1.","coveredBy":["db157f3449e1ee03ce2c155657b005a8","20dc1a1f9ba43eb0a8e684532f1f33dd","9e9e35c46e732a3a94eea7869202fa92"],"killedBy":["20dc1a1f9ba43eb0a8e684532f1f33dd"],"testsCompleted":4},{"id":"21642bf11733f703003b05ce044d3a08","mutatorName":"MethodCallRemoval","replacement":"","description":"Removes the method call.","location":{"start":{"line":57,"column":9},"end":{"line":57,"column":37}},"status":"Killed","statusReason":"PHPUnit 9.5.25 #StandWithUkraine\n\nRuntime:       PHP 8.1.12\nConfiguration: \/tmp\/infection\/phpunitConfiguration.21642bf11733f703003b05ce044d3a08.infection.xml\n\n.E\n\nTime: 00:00.013, Memory: 10.00 MB\n\nThere was 1 error:\n\n1) AppTest\\FrontendController\\HomeControllerTest::testIsStrForLinkComposedCorrect\nError: Typed property App\\FrontendController\\HomeControll::$strForLinks must not be accessed before initialization\n\n\/home\/jonathanhemmerling\/PhpstormProjects\/shopix_project\/src\/FrontendController\/HomeControll.php:24\n\/home\/jonathanhemmerling\/PhpstormProjects\/shopix_project\/tests\/FrontendController\/HomeControllerTest.php:56\n\nERRORS!\nTests: 2, Assertions: 3, Errors: 1.","coveredBy":["db157f3449e1ee03ce2c155657b005a8","20dc1a1f9ba43eb0a8e684532f1f33dd","9e9e35c46e732a3a94eea7869202fa92"],"killedBy":["9e9e35c46e732a3a94eea7869202fa92"],"testsCompleted":2},{"id":"dddcf44f735604d7c780d8494f7fbd1a","mutatorName":"MethodCallRemoval","replacement":"","description":"Removes the method call.","location":{"start":{"line":58,"column":9},"end":{"line":58,"column":46}},"status":"Killed","statusReason":"PHPUnit 9.5.25 #StandWithUkraine\n\nRuntime:       PHP 8.1.12\nConfiguration: \/tmp\/infection\/phpunitConfiguration.dddcf44f735604d7c780d8494f7fbd1a.infection.xml\n\n..F\n\nTime: 00:00.013, Memory: 10.00 MB\n\nThere was 1 failure:\n\n1) AppTest\\FrontendController\\HomeControllerTest::testIsTemplateNameCorrectSetUp\nExpectation failed for method name is \"setTemplate\" when invoked 1 time(s).\nMethod was expected to be called 1 times, actually called 0 times.\n\nFAILURES!\nTests: 3, Assertions: 8, Failures: 1.","coveredBy":["db157f3449e1ee03ce2c155657b005a8","20dc1a1f9ba43eb0a8e684532f1f33dd","9e9e35c46e732a3a94eea7869202fa92"],"killedBy":["db157f3449e1ee03ce2c155657b005a8"],"testsCompleted":3}]},"FrontendController\/ListControll.php":{"language":"php","source":"<?php\n\ndeclare(strict_types=1);\n\nnamespace App\\FrontendController;\n\nuse App\\Core\\View;\nuse App\\Model\\ProductRepository;\n\nclass ListControll implements ControllerInterface\n{\n\n    private array $strForLinks;\n    private ProductRepository $products;\n    private View $view;\n    private const HomeLink = ['<a href=\"index.php\">Home<\/a>'];\n\n    public function __construct(View $view, ProductRepository $products = new ProductRepository('List'))\n    {\n        $this->products = $products;\n        $this->view = $view;\n    }\n\n    public function getStrForLinks(): array\n    {\n        return $this->strForLinks;\n    }\n\n    public function setStrForLinks(string $strForLinks): void\n    {\n        $this->strForLinks[] = $strForLinks;\n    }\n\n\n    private function addCategorysToLinkArray(): void\n    {\n        $urlId = (int)$_GET['productId'];\n        $listcategory = $this->products->findCategoryById($urlId);\n        foreach ($listcategory as $listElement) {\n            $this->setStrForLinks($listElement);\n        }\n    }\n\n    private function addCategoryParameterToView(): void\n    {\n        $this->addCategorysToLinkArray();\n        $this->view->addTemplateParameter('categoryHome', self::HomeLink);\n        $this->view->addTemplateParameter('categoryLink', $this->strForLinks);\n    }\n\n    public function renderView(): void\n    {\n        $this->addCategoryParameterToView();\n        $this->view->setTemplate('category.tpl');\n    }\n}","mutants":[{"id":"c617abe8eb9e9e93624bebc3dd8e7f3e","mutatorName":"PublicVisibility","replacement":"protected function getStrForLinks() : array","description":"Replaces the `public` method visibility keyword with `protected`.","location":{"start":{"line":24,"column":5},"end":{"line":24,"column":44}},"status":"Killed","statusReason":"PHPUnit 9.5.25 #StandWithUkraine\n\nRuntime:       PHP 8.1.12\nConfiguration: \/tmp\/infection\/phpunitConfiguration.c617abe8eb9e9e93624bebc3dd8e7f3e.infection.xml\n\nE\n\nTime: 00:00.015, Memory: 10.00 MB\n\nThere was 1 error:\n\n1) AppTest\\FrontendController\\ListControllerTest::testIsStrForLinkComposedCorrect\nError: Call to protected method App\\FrontendController\\ListControll::getStrForLinks() from scope AppTest\\FrontendController\\ListControllerTest\n\n\/home\/jonathanhemmerling\/PhpstormProjects\/shopix_project\/tests\/FrontendController\/ListControllerTest.php:65\n\nERRORS!\nTests: 1, Assertions: 0, Errors: 1.","coveredBy":["95c742379e7ec9f0bcd81badeafd0699","64623ac372286056a891a2ef9e5ff90d"],"killedBy":["95c742379e7ec9f0bcd81badeafd0699"],"testsCompleted":1},{"id":"1b0ca656f0b2643a615f4c2df96c9fab","mutatorName":"PublicVisibility","replacement":"protected function setStrForLinks(string $strForLinks) : void","description":"Replaces the `public` method visibility keyword with `protected`.","location":{"start":{"line":29,"column":5},"end":{"line":29,"column":62}},"status":"Killed","statusReason":"PHPUnit 9.5.25 #StandWithUkraine\n\nRuntime:       PHP 8.1.12\nConfiguration: \/tmp\/infection\/phpunitConfiguration.1b0ca656f0b2643a615f4c2df96c9fab.infection.xml\n\n..E                                                                 3 \/ 3 (100%)\n\nTime: 00:00.015, Memory: 10.00 MB\n\nThere was 1 error:\n\n1) AppTest\\FrontendController\\ListControllerTest::testIfParameterAddedToView\nError: Call to protected method App\\FrontendController\\ListControll::setStrForLinks() from scope AppTest\\FrontendController\\ListControllerTest\n\n\/home\/jonathanhemmerling\/PhpstormProjects\/shopix_project\/tests\/FrontendController\/ListControllerTest.php:84\n\nERRORS!\nTests: 3, Assertions: 4, Errors: 1.","coveredBy":["95c742379e7ec9f0bcd81badeafd0699","a07ae3f027662218d57f83fd9595e8fb","64623ac372286056a891a2ef9e5ff90d"],"killedBy":["64623ac372286056a891a2ef9e5ff90d"],"testsCompleted":3},{"id":"ef7e27848da25dd936e5d64c87257284","mutatorName":"CastInt","replacement":"$urlId = $_GET['productId'];","description":"Removes an integer cast operator (`(int)`).","location":{"start":{"line":37,"column":9},"end":{"line":37,"column":42}},"status":"Killed","statusReason":"PHPUnit 9.5.25 #StandWithUkraine\n\nRuntime:       PHP 8.1.12\nConfiguration: \/tmp\/infection\/phpunitConfiguration.ef7e27848da25dd936e5d64c87257284.infection.xml\n\nE\n\nTime: 00:00.014, Memory: 10.00 MB\n\nThere was 1 error:\n\n1) AppTest\\FrontendController\\ListControllerTest::testIsStrForLinkComposedCorrect\nTypeError: Mock_ProductRepository_0e74eb30::findCategoryById(): Argument #1 ($categoryId) must be of type int, string given, called in \/home\/jonathanhemmerling\/PhpstormProjects\/shopix_project\/src\/FrontendController\/ListControll.php on line 30\n\n\/home\/jonathanhemmerling\/PhpstormProjects\/shopix_project\/src\/FrontendController\/ListControll.php:30\n\/home\/jonathanhemmerling\/PhpstormProjects\/shopix_project\/src\/FrontendController\/ListControll.php:37\n\/home\/jonathanhemmerling\/PhpstormProjects\/shopix_project\/src\/FrontendController\/ListControll.php:43\n\/home\/jonathanhemmerling\/PhpstormProjects\/shopix_project\/tests\/FrontendController\/ListControllerTest.php:64\n\nERRORS!\nTests: 1, Assertions: 0, Errors: 1.","coveredBy":["95c742379e7ec9f0bcd81badeafd0699","a07ae3f027662218d57f83fd9595e8fb","64623ac372286056a891a2ef9e5ff90d"],"killedBy":["95c742379e7ec9f0bcd81badeafd0699"],"testsCompleted":1},{"id":"5a452d1f4a2e33bd3339743a67be455d","mutatorName":"Foreach_","replacement":"foreach (array() as $listElement) {","description":"Replaces the iterable being iterated over with a `foreach` statement with an empty array, preventing\nany statement within the block to be executed. For example:\n\n```php`\nforeach ($a as $b) {\n    \/\/ ...\n}\n```\n\nWill be mutated to:\n\n```php\nfor ([] as $b]) {\n    \/\/ ...\n}\n```","location":{"start":{"line":39,"column":9},"end":{"line":41,"column":50}},"status":"Killed","statusReason":"PHPUnit 9.5.25 #StandWithUkraine\n\nRuntime:       PHP 8.1.12\nConfiguration: \/tmp\/infection\/phpunitConfiguration.5a452d1f4a2e33bd3339743a67be455d.infection.xml\n\nE\n\nTime: 00:00.015, Memory: 10.00 MB\n\nThere was 1 error:\n\n1) AppTest\\FrontendController\\ListControllerTest::testIsStrForLinkComposedCorrect\nError: Typed property App\\FrontendController\\ListControll::$strForLinks must not be accessed before initialization\n\n\/home\/jonathanhemmerling\/PhpstormProjects\/shopix_project\/src\/FrontendController\/ListControll.php:39\n\/home\/jonathanhemmerling\/PhpstormProjects\/shopix_project\/src\/FrontendController\/ListControll.php:43\n\/home\/jonathanhemmerling\/PhpstormProjects\/shopix_project\/tests\/FrontendController\/ListControllerTest.php:64\n\nERRORS!\nTests: 1, Assertions: 0, Errors: 1.","coveredBy":["95c742379e7ec9f0bcd81badeafd0699","a07ae3f027662218d57f83fd9595e8fb","64623ac372286056a891a2ef9e5ff90d"],"killedBy":["95c742379e7ec9f0bcd81badeafd0699"],"testsCompleted":1},{"id":"04a9f83ccfe9765939685a8b44a96f11","mutatorName":"MethodCallRemoval","replacement":"","description":"Removes the method call.","location":{"start":{"line":40,"column":13},"end":{"line":40,"column":49}},"status":"Killed","statusReason":"PHPUnit 9.5.25 #StandWithUkraine\n\nRuntime:       PHP 8.1.12\nConfiguration: \/tmp\/infection\/phpunitConfiguration.04a9f83ccfe9765939685a8b44a96f11.infection.xml\n\nE\n\nTime: 00:00.014, Memory: 10.00 MB\n\nThere was 1 error:\n\n1) AppTest\\FrontendController\\ListControllerTest::testIsStrForLinkComposedCorrect\nError: Typed property App\\FrontendController\\ListControll::$strForLinks must not be accessed before initialization\n\n\/home\/jonathanhemmerling\/PhpstormProjects\/shopix_project\/src\/FrontendController\/ListControll.php:39\n\/home\/jonathanhemmerling\/PhpstormProjects\/shopix_project\/src\/FrontendController\/ListControll.php:43\n\/home\/jonathanhemmerling\/PhpstormProjects\/shopix_project\/tests\/FrontendController\/ListControllerTest.php:64\n\nERRORS!\nTests: 1, Assertions: 0, Errors: 1.","coveredBy":["95c742379e7ec9f0bcd81badeafd0699","a07ae3f027662218d57f83fd9595e8fb","64623ac372286056a891a2ef9e5ff90d"],"killedBy":["95c742379e7ec9f0bcd81badeafd0699"],"testsCompleted":1},{"id":"c241cf74b14465fc994a0b02e66587f8","mutatorName":"MethodCallRemoval","replacement":"","description":"Removes the method call.","location":{"start":{"line":46,"column":9},"end":{"line":46,"column":42}},"status":"Killed","statusReason":"PHPUnit 9.5.25 #StandWithUkraine\n\nRuntime:       PHP 8.1.12\nConfiguration: \/tmp\/infection\/phpunitConfiguration.c241cf74b14465fc994a0b02e66587f8.infection.xml\n\nE\n\nTime: 00:00.013, Memory: 10.00 MB\n\nThere was 1 error:\n\n1) AppTest\\FrontendController\\ListControllerTest::testIsStrForLinkComposedCorrect\nError: Typed property App\\FrontendController\\ListControll::$strForLinks must not be accessed before initialization\n\n\/home\/jonathanhemmerling\/PhpstormProjects\/shopix_project\/src\/FrontendController\/ListControll.php:39\n\/home\/jonathanhemmerling\/PhpstormProjects\/shopix_project\/src\/FrontendController\/ListControll.php:43\n\/home\/jonathanhemmerling\/PhpstormProjects\/shopix_project\/tests\/FrontendController\/ListControllerTest.php:64\n\nERRORS!\nTests: 1, Assertions: 0, Errors: 1.","coveredBy":["95c742379e7ec9f0bcd81badeafd0699","a07ae3f027662218d57f83fd9595e8fb","64623ac372286056a891a2ef9e5ff90d"],"killedBy":["95c742379e7ec9f0bcd81badeafd0699"],"testsCompleted":1},{"id":"993dee6c12636398f1a275e2b2668732","mutatorName":"MethodCallRemoval","replacement":"","description":"Removes the method call.","location":{"start":{"line":47,"column":9},"end":{"line":47,"column":75}},"status":"Killed","statusReason":"PHPUnit 9.5.25 #StandWithUkraine\n\nRuntime:       PHP 8.1.12\nConfiguration: \/tmp\/infection\/phpunitConfiguration.993dee6c12636398f1a275e2b2668732.infection.xml\n\n..F                                                                 3 \/ 3 (100%)\n\nTime: 00:00.014, Memory: 10.00 MB\n\nThere was 1 failure:\n\n1) AppTest\\FrontendController\\ListControllerTest::testIfParameterAddedToView\nExpectation failed for method name is \"addTemplateParameter\" when invoked 2 time(s).\nMethod was expected to be called 2 times, actually called 1 times.\n\nFAILURES!\nTests: 3, Assertions: 6, Failures: 1.","coveredBy":["95c742379e7ec9f0bcd81badeafd0699","a07ae3f027662218d57f83fd9595e8fb","64623ac372286056a891a2ef9e5ff90d"],"killedBy":["64623ac372286056a891a2ef9e5ff90d"],"testsCompleted":3},{"id":"99a52bbfe86f26243d9a4388264604ad","mutatorName":"MethodCallRemoval","replacement":"","description":"Removes the method call.","location":{"start":{"line":48,"column":9},"end":{"line":48,"column":79}},"status":"Killed","statusReason":"PHPUnit 9.5.25 #StandWithUkraine\n\nRuntime:       PHP 8.1.12\nConfiguration: \/tmp\/infection\/phpunitConfiguration.99a52bbfe86f26243d9a4388264604ad.infection.xml\n\n..F                                                                 3 \/ 3 (100%)\n\nTime: 00:00.014, Memory: 10.00 MB\n\nThere was 1 failure:\n\n1) AppTest\\FrontendController\\ListControllerTest::testIfParameterAddedToView\nExpectation failed for method name is \"addTemplateParameter\" when invoked 2 time(s).\nMethod was expected to be called 2 times, actually called 1 times.\n\nFAILURES!\nTests: 3, Assertions: 6, Failures: 1.","coveredBy":["95c742379e7ec9f0bcd81badeafd0699","a07ae3f027662218d57f83fd9595e8fb","64623ac372286056a891a2ef9e5ff90d"],"killedBy":["64623ac372286056a891a2ef9e5ff90d"],"testsCompleted":3},{"id":"dad253a30b718a44fb0528f07b083740","mutatorName":"MethodCallRemoval","replacement":"","description":"Removes the method call.","location":{"start":{"line":53,"column":9},"end":{"line":53,"column":45}},"status":"Killed","statusReason":"PHPUnit 9.5.25 #StandWithUkraine\n\nRuntime:       PHP 8.1.12\nConfiguration: \/tmp\/infection\/phpunitConfiguration.dad253a30b718a44fb0528f07b083740.infection.xml\n\nE\n\nTime: 00:00.013, Memory: 10.00 MB\n\nThere was 1 error:\n\n1) AppTest\\FrontendController\\ListControllerTest::testIsStrForLinkComposedCorrect\nError: Typed property App\\FrontendController\\ListControll::$strForLinks must not be accessed before initialization\n\n\/home\/jonathanhemmerling\/PhpstormProjects\/shopix_project\/src\/FrontendController\/ListControll.php:21\n\/home\/jonathanhemmerling\/PhpstormProjects\/shopix_project\/tests\/FrontendController\/ListControllerTest.php:65\n\nERRORS!\nTests: 1, Assertions: 0, Errors: 1.","coveredBy":["95c742379e7ec9f0bcd81badeafd0699","a07ae3f027662218d57f83fd9595e8fb","64623ac372286056a891a2ef9e5ff90d"],"killedBy":["95c742379e7ec9f0bcd81badeafd0699"],"testsCompleted":1},{"id":"7afa7a7108f2703114a34a958bbec2c6","mutatorName":"MethodCallRemoval","replacement":"","description":"Removes the method call.","location":{"start":{"line":54,"column":9},"end":{"line":54,"column":50}},"status":"Killed","statusReason":"PHPUnit 9.5.25 #StandWithUkraine\n\nRuntime:       PHP 8.1.12\nConfiguration: \/tmp\/infection\/phpunitConfiguration.7afa7a7108f2703114a34a958bbec2c6.infection.xml\n\n.F\n\nTime: 00:00.015, Memory: 10.00 MB\n\nThere was 1 failure:\n\n1) AppTest\\FrontendController\\ListControllerTest::testIsTemplateNameCorrectSetUp\nExpectation failed for method name is \"setTemplate\" when invoked 1 time(s).\nMethod was expected to be called 1 times, actually called 0 times.\n\nFAILURES!\nTests: 2, Assertions: 4, Failures: 1.","coveredBy":["95c742379e7ec9f0bcd81badeafd0699","a07ae3f027662218d57f83fd9595e8fb","64623ac372286056a891a2ef9e5ff90d"],"killedBy":["a07ae3f027662218d57f83fd9595e8fb"],"testsCompleted":2}]},"FrontendController\/NotFoundControll.php":{"language":"php","source":"<?php\n\ndeclare(strict_types=1);\n\nnamespace App\\FrontendController;\n\n\nuse App\\Core\\View;\n\nclass NotFoundControll implements ControllerInterface\n{\n    const error = ['Page not found'];\n\n    private View $view;\n\n    public function __construct(View $view)\n    {\n        $this->view = $view;\n    }\n\n    public function renderView(): void\n    {\n        $this->view->addTemplateParameter('error', self::error);\n        $this->view->renderTemplate();\n    }\n}","mutants":[{"id":"a23a2abd25c894a311dcc2afde1af4b6","mutatorName":"MethodCallRemoval","replacement":"","description":"Removes the method call.","location":{"start":{"line":23,"column":9},"end":{"line":23,"column":65}},"status":"Killed","statusReason":"PHPUnit 9.5.25 #StandWithUkraine\n\nRuntime:       PHP 8.1.12\nConfiguration: \/tmp\/infection\/phpunitConfiguration.a23a2abd25c894a311dcc2afde1af4b6.infection.xml\n\nF\n\nTime: 00:00.008, Memory: 8.00 MB\n\nThere was 1 failure:\n\n1) AppTest\\FrontendController\\NotFoundControllerTest::testAreTemplateParameterSet\nExpectation failed for method name is \"addTemplateParameter\" when invoked 1 time(s).\nMethod was expected to be called 1 times, actually called 0 times.\n\nFAILURES!\nTests: 1, Assertions: 1, Failures: 1.","coveredBy":["08311fb79fda48edd143e684e57c587a","7e1875b561f100a1fec30b5116cb7ce7"],"killedBy":["08311fb79fda48edd143e684e57c587a"],"testsCompleted":1},{"id":"2b09e5fcd6ee9445927329c15d3d94f6","mutatorName":"MethodCallRemoval","replacement":"","description":"Removes the method call.","location":{"start":{"line":24,"column":9},"end":{"line":24,"column":39}},"status":"Killed","statusReason":"PHPUnit 9.5.25 #StandWithUkraine\n\nRuntime:       PHP 8.1.12\nConfiguration: \/tmp\/infection\/phpunitConfiguration.2b09e5fcd6ee9445927329c15d3d94f6.infection.xml\n\nF\n\nTime: 00:00.009, Memory: 8.00 MB\n\nThere was 1 failure:\n\n1) AppTest\\FrontendController\\NotFoundControllerTest::testDisplay\nExpectation failed for method name is \"renderTemplate\" when invoked 1 time(s).\nMethod was expected to be called 1 times, actually called 0 times.\n\nFAILURES!\nTests: 1, Assertions: 1, Failures: 1.","coveredBy":["08311fb79fda48edd143e684e57c587a","7e1875b561f100a1fec30b5116cb7ce7"],"killedBy":["7e1875b561f100a1fec30b5116cb7ce7"],"testsCompleted":1}]}},"testFiles":{"\/home\/jonathanhemmerling\/PhpstormProjects\/shopix_project\/tests\/BackendController\/LoginControllerTest.php":{"tests":[{"id":"384d138bda0931ac716afbbb213b299c","name":"AppTest\\Controller\\BackendController\\LoginControllerTest::testIfDataRequestForJsonWorkedFine"},{"id":"ca5dfa2df35125a94a6441fd3ed8bf12","name":"AppTest\\Controller\\BackendController\\LoginControllerTest::testIfLogInIsCalled"},{"id":"aae4d0ff4158f6526be5a3e7a90feef6","name":"AppTest\\Controller\\BackendController\\LoginControllerTest::testIfTemplateIsSet"}]},"\/home\/jonathanhemmerling\/PhpstormProjects\/shopix_project\/tests\/BackendController\/NewUserControllerTest.php":{"tests":[{"id":"68f700d051a029e0754941ebf57dacf3","name":"AppTest\\Controller\\BackendController\\NewUserControllerTest::testIfLoginDataIsValid"},{"id":"d80925ad9553c3d73f7b0f7b1cb85771","name":"AppTest\\Controller\\BackendController\\NewUserControllerTest::testIfTemplateIsSet"},{"id":"23529c77516d31eadc02f11418e7fe3e","name":"AppTest\\Controller\\BackendController\\NewUserControllerTest::testIfDataRequestForJsonWorkedFine"},{"id":"7a2078579be45e25c21bc813e32fda9a","name":"AppTest\\Controller\\BackendController\\NewUserControllerTest::testIfLogInIsCalled"}]},"\/home\/jonathanhemmerling\/PhpstormProjects\/shopix_project\/tests\/FrontendController\/DetailControllerTest.php":{"tests":[{"id":"ae74058355708f9add0166be89e669de","name":"AppTest\\FrontendController\\DetailControllerTest::testIfParameterAddedToView"},{"id":"17c2860d328aa431f400681515771231","name":"AppTest\\FrontendController\\DetailControllerTest::testIsStrForLinkComposedCorrect"},{"id":"0f934e5ab57421c31b198a253915ceca","name":"AppTest\\FrontendController\\DetailControllerTest::testIfDataRequestForJsonWorkedFine"},{"id":"4ec3a9ee763c0200d22e409d9402993a","name":"AppTest\\FrontendController\\DetailControllerTest::testIsTemplateNameCorrectSetUp"}]},"\/home\/jonathanhemmerling\/PhpstormProjects\/shopix_project\/tests\/FrontendController\/HomeControllerTest.php":{"tests":[{"id":"db157f3449e1ee03ce2c155657b005a8","name":"AppTest\\FrontendController\\HomeControllerTest::testIsTemplateNameCorrectSetUp"},{"id":"20dc1a1f9ba43eb0a8e684532f1f33dd","name":"AppTest\\FrontendController\\HomeControllerTest::testIfParameterAddedToView"},{"id":"9e9e35c46e732a3a94eea7869202fa92","name":"AppTest\\FrontendController\\HomeControllerTest::testIsStrForLinkComposedCorrect"},{"id":"b4b3ec551af03ecbd822be7d5d142b61","name":"AppTest\\FrontendController\\HomeControllerTest::testIfDataRequestForJsonWorkedFine"}]},"\/home\/jonathanhemmerling\/PhpstormProjects\/shopix_project\/tests\/FrontendController\/ListControllerTest.php":{"tests":[{"id":"95c742379e7ec9f0bcd81badeafd0699","name":"AppTest\\FrontendController\\ListControllerTest::testIsStrForLinkComposedCorrect"},{"id":"64623ac372286056a891a2ef9e5ff90d","name":"AppTest\\FrontendController\\ListControllerTest::testIfParameterAddedToView"},{"id":"a07ae3f027662218d57f83fd9595e8fb","name":"AppTest\\FrontendController\\ListControllerTest::testIsTemplateNameCorrectSetUp"}]},"\/home\/jonathanhemmerling\/PhpstormProjects\/shopix_project\/tests\/FrontendController\/NotFoundControllerTest.php":{"tests":[{"id":"08311fb79fda48edd143e684e57c587a","name":"AppTest\\FrontendController\\NotFoundControllerTest::testAreTemplateParameterSet"},{"id":"7e1875b561f100a1fec30b5116cb7ce7","name":"AppTest\\FrontendController\\NotFoundControllerTest::testDisplay"}]}},"framework":{"name":"Infection","branding":{"homepageUrl":"https:\/\/infection.github.io\/","imageUrl":"https:\/\/infection.github.io\/images\/logo.png"}}}
            ;
        </script>
    </body>
</html>